<?xml version="1.0" encoding="UTF-8"?>
<!-- Generated by org.testng.reporters.JUnitReportReporter -->
<testsuite skipped="0" hostname="DESKTOP-1GIQMH0" name="com.datalicious.Assignment.test.Task2" tests="1" failures="0" timestamp="01 May 2017 17:11:28 GMT" time="0.021" errors="0">
  <testcase name="testCaseOne" time="0.021" classname="com.datalicious.Assignment.test.Task2"/>
</testsuite> <!-- com.datalicious.Assignment.test.Task2 -->
