<?xml version="1.0" encoding="UTF-8"?>
<!-- Generated by org.testng.reporters.JUnitReportReporter -->
<testsuite skipped="0" hostname="DESKTOP-1GIQMH0" name="com.datalicious.Assignment.test.Task1" tests="1" failures="0" timestamp="01 May 2017 17:34:32 GMT" time="39.838" errors="0">
  <testcase name="verifyhomepage" time="39.838" classname="com.datalicious.Assignment.test.Task1"/>
</testsuite> <!-- com.datalicious.Assignment.test.Task1 -->
